[0.118s] Invoking command in '/home/zhugeliang/ydlidar_ws/src/build/my_robot_serial_driver': CMAKE_PREFIX_PATH=/home/zhugeliang/ydlidar_ws/install/ydlidar_ros2_driver:/home/zhugeliang/ydlidar_ws/install/slam_gmapping:/home/zhugeliang/ydlidar_ws/install/openslam_gmapping:/home/zhugeliang/ydlidar_ws/install/nav2_common:/home/zhugeliang/ydlidar_ws/install/yahboomcar_nav:/home/zhugeliang/ydlidar_ws/install/yahboomcar_description:/home/zhugeliang/ydlidar_ws/install/nav2_gazebo_spawner:/opt/ros/foxy:/home/zhugeliang/ydlidar_ws/install/my_robot_serial_driver:/home/zhugeliang/ydlidar_ws/install/motor_controller /usr/bin/cmake /home/zhugeliang/ydlidar_ws/src/my_robot_serial_driver -DCMAKE_INSTALL_PREFIX=/home/zhugeliang/ydlidar_ws/src/install/my_robot_serial_driver
[0.804s] -- The C compiler identification is GNU 9.4.0
[1.432s] -- The CXX compiler identification is GNU 9.4.0
[1.478s] -- Check for working C compiler: /usr/bin/cc
[2.046s] -- Check for working C compiler: /usr/bin/cc -- works
[2.057s] -- Detecting C compiler ABI info
[2.796s] -- Detecting C compiler ABI info - done
[2.864s] -- Detecting C compile features
[2.865s] -- Detecting C compile features - done
[2.883s] -- Check for working CXX compiler: /usr/bin/c++
[3.546s] -- Check for working CXX compiler: /usr/bin/c++ -- works
[3.574s] -- Detecting CXX compiler ABI info
[4.329s] -- Detecting CXX compiler ABI info - done
[4.420s] -- Detecting CXX compile features
[4.422s] -- Detecting CXX compile features - done
[4.447s] -- Found ament_cmake: 0.9.12 (/opt/ros/foxy/share/ament_cmake/cmake)
[4.694s] -- Found PythonInterp: /usr/bin/python3 (found suitable version "3.8.10", minimum required is "3") 
[4.695s] -- Using PYTHON_EXECUTABLE: /usr/bin/python3
[6.470s] -- Found rclcpp: 2.4.3 (/opt/ros/foxy/share/rclcpp/cmake)
[7.001s] -- Using all available rosidl_typesupport_c: rosidl_typesupport_fastrtps_c;rosidl_typesupport_introspection_c
[7.085s] -- Found rosidl_adapter: 1.3.1 (/opt/ros/foxy/share/rosidl_adapter/cmake)
[8.744s] -- Found OpenSSL: /usr/lib/aarch64-linux-gnu/libcrypto.so (found version "1.1.1f")  
[9.239s] -- Found FastRTPS: /opt/ros/foxy/include  
[10.172s] -- Using all available rosidl_typesupport_cpp: rosidl_typesupport_fastrtps_cpp;rosidl_typesupport_introspection_cpp
[10.917s] -- Found rmw_implementation_cmake: 1.0.4 (/opt/ros/foxy/share/rmw_implementation_cmake/cmake)
[10.947s] -- Using RMW implementation 'rmw_fastrtps_cpp' as default
[10.969s] -- Looking for pthread.h
[12.095s] -- Looking for pthread.h - found
[12.099s] -- Performing Test CMAKE_HAVE_LIBC_PTHREAD
[13.325s] -- Performing Test CMAKE_HAVE_LIBC_PTHREAD - Failed
[13.326s] -- Looking for pthread_create in pthreads
[14.260s] Invoked command in '/home/zhugeliang/ydlidar_ws/src/build/my_robot_serial_driver' returned '-2': CMAKE_PREFIX_PATH=/home/zhugeliang/ydlidar_ws/install/ydlidar_ros2_driver:/home/zhugeliang/ydlidar_ws/install/slam_gmapping:/home/zhugeliang/ydlidar_ws/install/openslam_gmapping:/home/zhugeliang/ydlidar_ws/install/nav2_common:/home/zhugeliang/ydlidar_ws/install/yahboomcar_nav:/home/zhugeliang/ydlidar_ws/install/yahboomcar_description:/home/zhugeliang/ydlidar_ws/install/nav2_gazebo_spawner:/opt/ros/foxy:/home/zhugeliang/ydlidar_ws/install/my_robot_serial_driver:/home/zhugeliang/ydlidar_ws/install/motor_controller /usr/bin/cmake /home/zhugeliang/ydlidar_ws/src/my_robot_serial_driver -DCMAKE_INSTALL_PREFIX=/home/zhugeliang/ydlidar_ws/src/install/my_robot_serial_driver
